# JRE version: OpenJDK Runtime Environment (23.0.1+11) (build 23.0.1+11-39)
# Java VM: OpenJDK 64-Bit Server VM (23.0.1+11-39, mixed mode, emulated-client, sharing, tiered, compressed oops, compressed class ptrs, g1 gc, windows-amd64)
GC Precious Log:
 CardTable entry size: 512
 Card Set container configuration: InlinePtr #cards 4 size 8 Array Of Cards #cards 16 size 48 Howl #buckets 8 coarsen threshold 3686 Howl Bitmap #cards 512 size 80 coarsen threshold 460 Card regions per heap region 1 cards per card region 4096
 CPUs: 12 total, 12 available
 Memory: 16332M
 Large Page Support: Disabled
 NUMA Support: Disabled
 Compressed Oops: Enabled (Zero based)
 Heap Region Size: 2M
 Heap Min Capacity: 8M
 Heap Initial Capacity: 256M
 Heap Max Capacity: 4084M
 Pre-touch: Disabled
 Parallel Workers: 10
 Concurrent Workers: 3
 Concurrent Refinement Workers: 10
 Periodic GC: Disabled
Heap:
 garbage-first heap   total reserved 4182016K, committed 81920K, used 52743K [0x0000000700c00000, 0x0000000800000000)
  region size 2048K, 15 young (30720K), 3 survivors (6144K)
 Metaspace       used 67956K, committed 68800K, reserved 1114112K
  class space    used 10011K, committed 10368K, reserved 1048576K
GC Heap History (20 events):
Event: 1.051 GC heap before
{Heap before GC invocations=2 (full 0):
 garbage-first heap   total reserved 4182016K, committed 262144K, used 56235K [0x0000000700c00000, 0x0000000800000000)
  region size 2048K, 26 young (53248K), 1 survivors (2048K)
 Metaspace       used 21150K, committed 21504K, reserved 1114112K
  class space    used 2841K, committed 3008K, reserved 1048576K
}
Event: 1.055 GC heap after
{Heap after GC invocations=3 (full 0):
 garbage-first heap   total reserved 4182016K, committed 262144K, used 13796K [0x0000000700c00000, 0x0000000800000000)
  region size 2048K, 4 young (8192K), 4 survivors (8192K)
 Metaspace       used 21150K, committed 21504K, reserved 1114112K
  class space    used 2841K, committed 3008K, reserved 1048576K
}
Event: 1.247 GC heap before
{Heap before GC invocations=4 (full 0):
 garbage-first heap   total reserved 4182016K, committed 55296K, used 38372K [0x0000000700c00000, 0x0000000800000000)
  region size 2048K, 16 young (32768K), 4 survivors (8192K)
 Metaspace       used 22934K, committed 23296K, reserved 1114112K
  class space    used 3124K, committed 3264K, reserved 1048576K
}
Event: 1.251 GC heap after
{Heap after GC invocations=5 (full 0):
 garbage-first heap   total reserved 4182016K, committed 55296K, used 15069K [0x0000000700c00000, 0x0000000800000000)
  region size 2048K, 1 young (2048K), 1 survivors (2048K)
 Metaspace       used 22934K, committed 23296K, reserved 1114112K
  class space    used 3124K, committed 3264K, reserved 1048576K
}
Event: 1.490 GC heap before
{Heap before GC invocations=5 (full 0):
 garbage-first heap   total reserved 4182016K, committed 55296K, used 39645K [0x0000000700c00000, 0x0000000800000000)
  region size 2048K, 13 young (26624K), 1 survivors (2048K)
 Metaspace       used 26004K, committed 26496K, reserved 1114112K
  class space    used 3553K, committed 3776K, reserved 1048576K
}
Event: 1.492 GC heap after
{Heap after GC invocations=6 (full 0):
 garbage-first heap   total reserved 4182016K, committed 55296K, used 16653K [0x0000000700c00000, 0x0000000800000000)
  region size 2048K, 2 young (4096K), 2 survivors (4096K)
 Metaspace       used 26004K, committed 26496K, reserved 1114112K
  class space    used 3553K, committed 3776K, reserved 1048576K
}
Event: 1.750 GC heap before
{Heap before GC invocations=6 (full 0):
 garbage-first heap   total reserved 4182016K, committed 55296K, used 39181K [0x0000000700c00000, 0x0000000800000000)
  region size 2048K, 14 young (28672K), 2 survivors (4096K)
 Metaspace       used 29412K, committed 29888K, reserved 1114112K
  class space    used 4125K, committed 4352K, reserved 1048576K
}
Event: 1.753 GC heap after
{Heap after GC invocations=7 (full 0):
 garbage-first heap   total reserved 4182016K, committed 55296K, used 18961K [0x0000000700c00000, 0x0000000800000000)
  region size 2048K, 2 young (4096K), 2 survivors (4096K)
 Metaspace       used 29412K, committed 29888K, reserved 1114112K
  class space    used 4125K, committed 4352K, reserved 1048576K
}
Event: 1.941 GC heap before
{Heap before GC invocations=7 (full 0):
 garbage-first heap   total reserved 4182016K, committed 55296K, used 41489K [0x0000000700c00000, 0x0000000800000000)
  region size 2048K, 13 young (26624K), 2 survivors (4096K)
 Metaspace       used 31887K, committed 32384K, reserved 1114112K
  class space    used 4433K, committed 4608K, reserved 1048576K
}
Event: 1.944 GC heap after
{Heap after GC invocations=8 (full 0):
 garbage-first heap   total reserved 4182016K, committed 55296K, used 20832K [0x0000000700c00000, 0x0000000800000000)
  region size 2048K, 1 young (2048K), 1 survivors (2048K)
 Metaspace       used 31887K, committed 32384K, reserved 1114112K
  class space    used 4433K, committed 4608K, reserved 1048576K
}
Event: 2.161 GC heap before
{Heap before GC invocations=8 (full 0):
 garbage-first heap   total reserved 4182016K, committed 55296K, used 35168K [0x0000000700c00000, 0x0000000800000000)
  region size 2048K, 9 young (18432K), 1 survivors (2048K)
 Metaspace       used 35652K, committed 36160K, reserved 1114112K
  class space    used 4954K, committed 5184K, reserved 1048576K
}
Event: 2.163 GC heap after
{Heap after GC invocations=9 (full 0):
 garbage-first heap   total reserved 4182016K, committed 159744K, used 21415K [0x0000000700c00000, 0x0000000800000000)
  region size 2048K, 2 young (4096K), 2 survivors (4096K)
 Metaspace       used 35652K, committed 36160K, reserved 1114112K
  class space    used 4954K, committed 5184K, reserved 1048576K
}
Event: 2.722 GC heap before
{Heap before GC invocations=10 (full 0):
 garbage-first heap   total reserved 4182016K, committed 81920K, used 66471K [0x0000000700c00000, 0x0000000800000000)
  region size 2048K, 24 young (49152K), 2 survivors (4096K)
 Metaspace       used 45314K, committed 45952K, reserved 1114112K
  class space    used 6461K, committed 6720K, reserved 1048576K
}
Event: 2.725 GC heap after
{Heap after GC invocations=11 (full 0):
 garbage-first heap   total reserved 4182016K, committed 81920K, used 24303K [0x0000000700c00000, 0x0000000800000000)
  region size 2048K, 3 young (6144K), 3 survivors (6144K)
 Metaspace       used 45314K, committed 45952K, reserved 1114112K
  class space    used 6461K, committed 6720K, reserved 1048576K
}
Event: 3.187 GC heap before
{Heap before GC invocations=11 (full 0):
 garbage-first heap   total reserved 4182016K, committed 81920K, used 63215K [0x0000000700c00000, 0x0000000800000000)
  region size 2048K, 23 young (47104K), 3 survivors (6144K)
 Metaspace       used 55332K, committed 56000K, reserved 1114112K
  class space    used 8009K, committed 8256K, reserved 1048576K
}
Event: 3.191 GC heap after
{Heap after GC invocations=12 (full 0):
 garbage-first heap   total reserved 4182016K, committed 81920K, used 25978K [0x0000000700c00000, 0x0000000800000000)
  region size 2048K, 3 young (6144K), 3 survivors (6144K)
 Metaspace       used 55332K, committed 56000K, reserved 1114112K
  class space    used 8009K, committed 8256K, reserved 1048576K
}
Event: 3.507 GC heap before
{Heap before GC invocations=12 (full 0):
 garbage-first heap   total reserved 4182016K, committed 81920K, used 50554K [0x0000000700c00000, 0x0000000800000000)
  region size 2048K, 16 young (32768K), 3 survivors (6144K)
 Metaspace       used 60121K, committed 60800K, reserved 1114112K
  class space    used 8752K, committed 9024K, reserved 1048576K
}
Event: 3.510 GC heap after
{Heap after GC invocations=13 (full 0):
 garbage-first heap   total reserved 4182016K, committed 81920K, used 27135K [0x0000000700c00000, 0x0000000800000000)
  region size 2048K, 2 young (4096K), 2 survivors (4096K)
 Metaspace       used 60121K, committed 60800K, reserved 1114112K
  class space    used 8752K, committed 9024K, reserved 1048576K
}
Event: 3.905 GC heap before
{Heap before GC invocations=14 (full 0):
 garbage-first heap   total reserved 4182016K, committed 81920K, used 68095K [0x0000000700c00000, 0x0000000800000000)
  region size 2048K, 22 young (45056K), 2 survivors (4096K)
 Metaspace       used 65187K, committed 65984K, reserved 1114112K
  class space    used 9555K, committed 9920K, reserved 1048576K
}
Event: 3.908 GC heap after
{Heap after GC invocations=15 (full 0):
 garbage-first heap   total reserved 4182016K, committed 81920K, used 30215K [0x0000000700c00000, 0x0000000800000000)
  region size 2048K, 3 young (6144K), 3 survivors (6144K)
 Metaspace       used 65187K, committed 65984K, reserved 1114112K
  class space    used 9555K, committed 9920K, reserved 1048576K
}

