# JRE version: OpenJDK Runtime Environment (23.0.1+11) (build 23.0.1+11-39)
# Java VM: OpenJDK 64-Bit Server VM (23.0.1+11-39, mixed mode, emulated-client, sharing, tiered, compressed oops, compressed class ptrs, g1 gc, windows-amd64)
GC Precious Log:
 CardTable entry size: 512
 Card Set container configuration: InlinePtr #cards 4 size 8 Array Of Cards #cards 16 size 48 Howl #buckets 8 coarsen threshold 3686 Howl Bitmap #cards 512 size 80 coarsen threshold 460 Card regions per heap region 1 cards per card region 4096
 CPUs: 12 total, 12 available
 Memory: 16332M
 Large Page Support: Disabled
 NUMA Support: Disabled
 Compressed Oops: Enabled (Zero based)
 Heap Region Size: 2M
 Heap Min Capacity: 8M
 Heap Initial Capacity: 256M
 Heap Max Capacity: 4084M
 Pre-touch: Disabled
 Parallel Workers: 10
 Concurrent Workers: 3
 Concurrent Refinement Workers: 10
 Periodic GC: Disabled
Heap:
 garbage-first heap   total reserved 4182016K, committed 81920K, used 66993K [0x0000000700c00000, 0x0000000800000000)
  region size 2048K, 18 young (36864K), 2 survivors (4096K)
 Metaspace       used 74723K, committed 75648K, reserved 1114112K
  class space    used 11198K, committed 11584K, reserved 1048576K
GC Heap History (20 events):
Event: 1.747 GC heap before
{Heap before GC invocations=6 (full 0):
 garbage-first heap   total reserved 4182016K, committed 55296K, used 41411K [0x0000000700c00000, 0x0000000800000000)
  region size 2048K, 14 young (28672K), 2 survivors (4096K)
 Metaspace       used 29518K, committed 30016K, reserved 1114112K
  class space    used 4144K, committed 4352K, reserved 1048576K
}
Event: 1.749 GC heap after
{Heap after GC invocations=7 (full 0):
 garbage-first heap   total reserved 4182016K, committed 55296K, used 19110K [0x0000000700c00000, 0x0000000800000000)
  region size 2048K, 2 young (4096K), 2 survivors (4096K)
 Metaspace       used 29518K, committed 30016K, reserved 1114112K
  class space    used 4144K, committed 4352K, reserved 1048576K
}
Event: 1.934 GC heap before
{Heap before GC invocations=7 (full 0):
 garbage-first heap   total reserved 4182016K, committed 55296K, used 41638K [0x0000000700c00000, 0x0000000800000000)
  region size 2048K, 13 young (26624K), 2 survivors (4096K)
 Metaspace       used 31986K, committed 32512K, reserved 1114112K
  class space    used 4451K, committed 4672K, reserved 1048576K
}
Event: 1.937 GC heap after
{Heap after GC invocations=8 (full 0):
 garbage-first heap   total reserved 4182016K, committed 55296K, used 20898K [0x0000000700c00000, 0x0000000800000000)
  region size 2048K, 1 young (2048K), 1 survivors (2048K)
 Metaspace       used 31986K, committed 32512K, reserved 1114112K
  class space    used 4451K, committed 4672K, reserved 1048576K
}
Event: 2.149 GC heap before
{Heap before GC invocations=8 (full 0):
 garbage-first heap   total reserved 4182016K, committed 55296K, used 33186K [0x0000000700c00000, 0x0000000800000000)
  region size 2048K, 8 young (16384K), 1 survivors (2048K)
 Metaspace       used 35645K, committed 36160K, reserved 1114112K
  class space    used 4949K, committed 5184K, reserved 1048576K
}
Event: 2.151 GC heap after
{Heap after GC invocations=9 (full 0):
 garbage-first heap   total reserved 4182016K, committed 159744K, used 21535K [0x0000000700c00000, 0x0000000800000000)
  region size 2048K, 2 young (4096K), 2 survivors (4096K)
 Metaspace       used 35645K, committed 36160K, reserved 1114112K
  class space    used 4949K, committed 5184K, reserved 1048576K
}
Event: 2.708 GC heap before
{Heap before GC invocations=10 (full 0):
 garbage-first heap   total reserved 4182016K, committed 81920K, used 64543K [0x0000000700c00000, 0x0000000800000000)
  region size 2048K, 24 young (49152K), 2 survivors (4096K)
 Metaspace       used 45390K, committed 46080K, reserved 1114112K
  class space    used 6469K, committed 6784K, reserved 1048576K
}
Event: 2.710 GC heap after
{Heap after GC invocations=11 (full 0):
 garbage-first heap   total reserved 4182016K, committed 81920K, used 24269K [0x0000000700c00000, 0x0000000800000000)
  region size 2048K, 3 young (6144K), 3 survivors (6144K)
 Metaspace       used 45390K, committed 46080K, reserved 1114112K
  class space    used 6469K, committed 6784K, reserved 1048576K
}
Event: 3.164 GC heap before
{Heap before GC invocations=11 (full 0):
 garbage-first heap   total reserved 4182016K, committed 81920K, used 65229K [0x0000000700c00000, 0x0000000800000000)
  region size 2048K, 23 young (47104K), 3 survivors (6144K)
 Metaspace       used 55225K, committed 55936K, reserved 1114112K
  class space    used 7984K, committed 8320K, reserved 1048576K
}
Event: 3.167 GC heap after
{Heap after GC invocations=12 (full 0):
 garbage-first heap   total reserved 4182016K, committed 81920K, used 25918K [0x0000000700c00000, 0x0000000800000000)
  region size 2048K, 3 young (6144K), 3 survivors (6144K)
 Metaspace       used 55225K, committed 55936K, reserved 1114112K
  class space    used 7984K, committed 8320K, reserved 1048576K
}
Event: 3.508 GC heap before
{Heap before GC invocations=12 (full 0):
 garbage-first heap   total reserved 4182016K, committed 81920K, used 52542K [0x0000000700c00000, 0x0000000800000000)
  region size 2048K, 17 young (34816K), 3 survivors (6144K)
 Metaspace       used 60055K, committed 60736K, reserved 1114112K
  class space    used 8767K, committed 9088K, reserved 1048576K
}
Event: 3.512 GC heap after
{Heap after GC invocations=13 (full 0):
 garbage-first heap   total reserved 4182016K, committed 81920K, used 27208K [0x0000000700c00000, 0x0000000800000000)
  region size 2048K, 2 young (4096K), 2 survivors (4096K)
 Metaspace       used 60055K, committed 60736K, reserved 1114112K
  class space    used 8767K, committed 9088K, reserved 1048576K
}
Event: 3.946 GC heap before
{Heap before GC invocations=14 (full 0):
 garbage-first heap   total reserved 4182016K, committed 81920K, used 68168K [0x0000000700c00000, 0x0000000800000000)
  region size 2048K, 22 young (45056K), 2 survivors (4096K)
 Metaspace       used 65422K, committed 66176K, reserved 1114112K
  class space    used 9686K, committed 9984K, reserved 1048576K
}
Event: 3.949 GC heap after
{Heap after GC invocations=15 (full 0):
 garbage-first heap   total reserved 4182016K, committed 81920K, used 30827K [0x0000000700c00000, 0x0000000800000000)
  region size 2048K, 3 young (6144K), 3 survivors (6144K)
 Metaspace       used 65422K, committed 66176K, reserved 1114112K
  class space    used 9686K, committed 9984K, reserved 1048576K
}
Event: 4.130 GC heap before
{Heap before GC invocations=15 (full 0):
 garbage-first heap   total reserved 4182016K, committed 81920K, used 69739K [0x0000000700c00000, 0x0000000800000000)
  region size 2048K, 22 young (45056K), 3 survivors (6144K)
 Metaspace       used 67041K, committed 67776K, reserved 1114112K
  class space    used 10038K, committed 10368K, reserved 1048576K
}
Event: 4.134 GC heap after
{Heap after GC invocations=16 (full 0):
 garbage-first heap   total reserved 4182016K, committed 81920K, used 34583K [0x0000000700c00000, 0x0000000800000000)
  region size 2048K, 2 young (4096K), 2 survivors (4096K)
 Metaspace       used 67041K, committed 67776K, reserved 1114112K
  class space    used 10038K, committed 10368K, reserved 1048576K
}
Event: 4.209 GC heap before
{Heap before GC invocations=16 (full 0):
 garbage-first heap   total reserved 4182016K, committed 81920K, used 71447K [0x0000000700c00000, 0x0000000800000000)
  region size 2048K, 20 young (40960K), 2 survivors (4096K)
 Metaspace       used 67043K, committed 67840K, reserved 1114112K
  class space    used 10038K, committed 10368K, reserved 1048576K
}
Event: 4.211 GC heap after
{Heap after GC invocations=17 (full 0):
 garbage-first heap   total reserved 4182016K, committed 81920K, used 34751K [0x0000000700c00000, 0x0000000800000000)
  region size 2048K, 1 young (2048K), 1 survivors (2048K)
 Metaspace       used 67043K, committed 67840K, reserved 1114112K
  class space    used 10038K, committed 10368K, reserved 1048576K
}
Event: 4.535 GC heap before
{Heap before GC invocations=17 (full 0):
 garbage-first heap   total reserved 4182016K, committed 81920K, used 71615K [0x0000000700c00000, 0x0000000800000000)
  region size 2048K, 19 young (38912K), 1 survivors (2048K)
 Metaspace       used 71306K, committed 72064K, reserved 1114112K
  class space    used 10645K, committed 10944K, reserved 1048576K
}
Event: 4.538 GC heap after
{Heap after GC invocations=18 (full 0):
 garbage-first heap   total reserved 4182016K, committed 81920K, used 36273K [0x0000000700c00000, 0x0000000800000000)
  region size 2048K, 2 young (4096K), 2 survivors (4096K)
 Metaspace       used 71306K, committed 72064K, reserved 1114112K
  class space    used 10645K, committed 10944K, reserved 1048576K
}

