# JRE version: OpenJDK Runtime Environment (23.0.1+11) (build 23.0.1+11-39)
# Java VM: OpenJDK 64-Bit Server VM (23.0.1+11-39, mixed mode, emulated-client, sharing, tiered, compressed oops, compressed class ptrs, g1 gc, windows-amd64)
GC Precious Log:
 CardTable entry size: 512
 Card Set container configuration: InlinePtr #cards 4 size 8 Array Of Cards #cards 16 size 48 Howl #buckets 8 coarsen threshold 3686 Howl Bitmap #cards 512 size 80 coarsen threshold 460 Card regions per heap region 1 cards per card region 4096
 CPUs: 12 total, 12 available
 Memory: 16332M
 Large Page Support: Disabled
 NUMA Support: Disabled
 Compressed Oops: Enabled (Zero based)
 Heap Region Size: 2M
 Heap Min Capacity: 8M
 Heap Initial Capacity: 256M
 Heap Max Capacity: 4084M
 Pre-touch: Disabled
 Parallel Workers: 10
 Concurrent Workers: 3
 Concurrent Refinement Workers: 10
 Periodic GC: Disabled
Heap:
 garbage-first heap   total reserved 4182016K, committed 49152K, used 31988K [0x0000000700c00000, 0x0000000800000000)
  region size 2048K, 9 young (18432K), 2 survivors (4096K)
 Metaspace       used 34285K, committed 34816K, reserved 1114112K
  class space    used 4776K, committed 4992K, reserved 1048576K
GC Heap History (16 events):
Event: 0.830 GC heap before
{Heap before GC invocations=0 (full 0):
 garbage-first heap   total reserved 4182016K, committed 262144K, used 22528K [0x0000000700c00000, 0x0000000800000000)
  region size 2048K, 12 young (24576K), 0 survivors (0K)
 Metaspace       used 7094K, committed 7360K, reserved 1114112K
  class space    used 905K, committed 1024K, reserved 1048576K
}
Event: 0.835 GC heap after
{Heap after GC invocations=1 (full 0):
 garbage-first heap   total reserved 4182016K, committed 262144K, used 7497K [0x0000000700c00000, 0x0000000800000000)
  region size 2048K, 2 young (4096K), 2 survivors (4096K)
 Metaspace       used 7094K, committed 7360K, reserved 1114112K
  class space    used 905K, committed 1024K, reserved 1048576K
}
Event: 1.076 GC heap before
{Heap before GC invocations=1 (full 0):
 garbage-first heap   total reserved 4182016K, committed 262144K, used 27977K [0x0000000700c00000, 0x0000000800000000)
  region size 2048K, 12 young (24576K), 2 survivors (4096K)
 Metaspace       used 10794K, committed 11136K, reserved 1114112K
  class space    used 1464K, committed 1600K, reserved 1048576K
}
Event: 1.079 GC heap after
{Heap after GC invocations=2 (full 0):
 garbage-first heap   total reserved 4182016K, committed 262144K, used 9455K [0x0000000700c00000, 0x0000000800000000)
  region size 2048K, 1 young (2048K), 1 survivors (2048K)
 Metaspace       used 10794K, committed 11136K, reserved 1114112K
  class space    used 1464K, committed 1600K, reserved 1048576K
}
Event: 1.397 GC heap before
{Heap before GC invocations=2 (full 0):
 garbage-first heap   total reserved 4182016K, committed 262144K, used 52463K [0x0000000700c00000, 0x0000000800000000)
  region size 2048K, 24 young (49152K), 1 survivors (2048K)
 Metaspace       used 21207K, committed 21504K, reserved 1114112K
  class space    used 2851K, committed 3008K, reserved 1048576K
}
Event: 1.401 GC heap after
{Heap after GC invocations=3 (full 0):
 garbage-first heap   total reserved 4182016K, committed 262144K, used 13416K [0x0000000700c00000, 0x0000000800000000)
  region size 2048K, 3 young (6144K), 3 survivors (6144K)
 Metaspace       used 21207K, committed 21504K, reserved 1114112K
  class space    used 2851K, committed 3008K, reserved 1048576K
}
Event: 1.613 GC heap before
{Heap before GC invocations=4 (full 0):
 garbage-first heap   total reserved 4182016K, committed 49152K, used 35944K [0x0000000700c00000, 0x0000000800000000)
  region size 2048K, 14 young (28672K), 3 survivors (6144K)
 Metaspace       used 22584K, committed 23040K, reserved 1114112K
  class space    used 3069K, committed 3264K, reserved 1048576K
}
Event: 1.616 GC heap after
{Heap after GC invocations=5 (full 0):
 garbage-first heap   total reserved 4182016K, committed 49152K, used 15610K [0x0000000700c00000, 0x0000000800000000)
  region size 2048K, 2 young (4096K), 2 survivors (4096K)
 Metaspace       used 22584K, committed 23040K, reserved 1114112K
  class space    used 3069K, committed 3264K, reserved 1048576K
}
Event: 1.780 GC heap before
{Heap before GC invocations=5 (full 0):
 garbage-first heap   total reserved 4182016K, committed 49152K, used 34042K [0x0000000700c00000, 0x0000000800000000)
  region size 2048K, 11 young (22528K), 2 survivors (4096K)
 Metaspace       used 24539K, committed 24960K, reserved 1114112K
  class space    used 3314K, committed 3520K, reserved 1048576K
}
Event: 1.782 GC heap after
{Heap after GC invocations=6 (full 0):
 garbage-first heap   total reserved 4182016K, committed 49152K, used 16513K [0x0000000700c00000, 0x0000000800000000)
  region size 2048K, 2 young (4096K), 2 survivors (4096K)
 Metaspace       used 24539K, committed 24960K, reserved 1114112K
  class space    used 3314K, committed 3520K, reserved 1048576K
}
Event: 2.019 GC heap before
{Heap before GC invocations=6 (full 0):
 garbage-first heap   total reserved 4182016K, committed 49152K, used 36993K [0x0000000700c00000, 0x0000000800000000)
  region size 2048K, 12 young (24576K), 2 survivors (4096K)
 Metaspace       used 27219K, committed 27648K, reserved 1114112K
  class space    used 3733K, committed 3904K, reserved 1048576K
}
Event: 2.022 GC heap after
{Heap after GC invocations=7 (full 0):
 garbage-first heap   total reserved 4182016K, committed 49152K, used 18110K [0x0000000700c00000, 0x0000000800000000)
  region size 2048K, 2 young (4096K), 2 survivors (4096K)
 Metaspace       used 27219K, committed 27648K, reserved 1114112K
  class space    used 3733K, committed 3904K, reserved 1048576K
}
Event: 2.207 GC heap before
{Heap before GC invocations=7 (full 0):
 garbage-first heap   total reserved 4182016K, committed 49152K, used 36542K [0x0000000700c00000, 0x0000000800000000)
  region size 2048K, 11 young (22528K), 2 survivors (4096K)
 Metaspace       used 29576K, committed 30144K, reserved 1114112K
  class space    used 4155K, committed 4416K, reserved 1048576K
}
Event: 2.209 GC heap after
{Heap after GC invocations=8 (full 0):
 garbage-first heap   total reserved 4182016K, committed 49152K, used 20434K [0x0000000700c00000, 0x0000000800000000)
  region size 2048K, 2 young (4096K), 2 survivors (4096K)
 Metaspace       used 29576K, committed 30144K, reserved 1114112K
  class space    used 4155K, committed 4416K, reserved 1048576K
}
Event: 2.372 GC heap before
{Heap before GC invocations=8 (full 0):
 garbage-first heap   total reserved 4182016K, committed 49152K, used 38866K [0x0000000700c00000, 0x0000000800000000)
  region size 2048K, 11 young (22528K), 2 survivors (4096K)
 Metaspace       used 31787K, committed 32320K, reserved 1114112K
  class space    used 4418K, committed 4672K, reserved 1048576K
}
Event: 2.375 GC heap after
{Heap after GC invocations=9 (full 0):
 garbage-first heap   total reserved 4182016K, committed 49152K, used 21748K [0x0000000700c00000, 0x0000000800000000)
  region size 2048K, 2 young (4096K), 2 survivors (4096K)
 Metaspace       used 31787K, committed 32320K, reserved 1114112K
  class space    used 4418K, committed 4672K, reserved 1048576K
}

