# JRE version: OpenJDK Runtime Environment (23.0.1+11) (build 23.0.1+11-39)
# Java VM: OpenJDK 64-Bit Server VM (23.0.1+11-39, mixed mode, emulated-client, sharing, tiered, compressed oops, compressed class ptrs, g1 gc, windows-amd64)
GC Precious Log:
 CardTable entry size: 512
 Card Set container configuration: InlinePtr #cards 4 size 8 Array Of Cards #cards 16 size 48 Howl #buckets 8 coarsen threshold 3686 Howl Bitmap #cards 512 size 80 coarsen threshold 460 Card regions per heap region 1 cards per card region 4096
 CPUs: 12 total, 12 available
 Memory: 16332M
 Large Page Support: Disabled
 NUMA Support: Disabled
 Compressed Oops: Enabled (Zero based)
 Heap Region Size: 2M
 Heap Min Capacity: 8M
 Heap Initial Capacity: 256M
 Heap Max Capacity: 4084M
 Pre-touch: Disabled
 Parallel Workers: 10
 Concurrent Workers: 3
 Concurrent Refinement Workers: 10
 Periodic GC: Disabled
Heap:
 garbage-first heap   total reserved 4182016K, committed 92160K, used 69182K [0x0000000700c00000, 0x0000000800000000)
  region size 2048K, 15 young (30720K), 2 survivors (4096K)
 Metaspace       used 74708K, committed 75648K, reserved 1114112K
  class space    used 11209K, committed 11648K, reserved 1048576K
GC Heap History (20 events):
Event: 7.015 GC heap before
{Heap before GC invocations=18 (full 0):
 garbage-first heap   total reserved 4182016K, committed 55296K, used 42205K [0x0000000700c00000, 0x0000000800000000)
  region size 2048K, 10 young (20480K), 2 survivors (4096K)
 Metaspace       used 61651K, committed 62400K, reserved 1114112K
  class space    used 9024K, committed 9344K, reserved 1048576K
}
Event: 7.018 GC heap after
{Heap after GC invocations=19 (full 0):
 garbage-first heap   total reserved 4182016K, committed 55296K, used 29070K [0x0000000700c00000, 0x0000000800000000)
  region size 2048K, 2 young (4096K), 2 survivors (4096K)
 Metaspace       used 61651K, committed 62400K, reserved 1114112K
  class space    used 9024K, committed 9344K, reserved 1048576K
}
Event: 7.377 GC heap before
{Heap before GC invocations=19 (full 0):
 garbage-first heap   total reserved 4182016K, committed 55296K, used 45454K [0x0000000700c00000, 0x0000000800000000)
  region size 2048K, 10 young (20480K), 2 survivors (4096K)
 Metaspace       used 63857K, committed 64640K, reserved 1114112K
  class space    used 9369K, committed 9728K, reserved 1048576K
}
Event: 7.380 GC heap after
{Heap after GC invocations=20 (full 0):
 garbage-first heap   total reserved 4182016K, committed 55296K, used 30120K [0x0000000700c00000, 0x0000000800000000)
  region size 2048K, 2 young (4096K), 2 survivors (4096K)
 Metaspace       used 63857K, committed 64640K, reserved 1114112K
  class space    used 9369K, committed 9728K, reserved 1048576K
}
Event: 7.636 GC heap before
{Heap before GC invocations=20 (full 0):
 garbage-first heap   total reserved 4182016K, committed 55296K, used 46504K [0x0000000700c00000, 0x0000000800000000)
  region size 2048K, 10 young (20480K), 2 survivors (4096K)
 Metaspace       used 65534K, committed 66368K, reserved 1114112K
  class space    used 9704K, committed 10048K, reserved 1048576K
}
Event: 7.639 GC heap after
{Heap after GC invocations=21 (full 0):
 garbage-first heap   total reserved 4182016K, committed 55296K, used 32482K [0x0000000700c00000, 0x0000000800000000)
  region size 2048K, 2 young (4096K), 2 survivors (4096K)
 Metaspace       used 65534K, committed 66368K, reserved 1114112K
  class space    used 9704K, committed 10048K, reserved 1048576K
}
Event: 7.738 GC heap before
{Heap before GC invocations=22 (full 0):
 garbage-first heap   total reserved 4182016K, committed 55296K, used 44770K [0x0000000700c00000, 0x0000000800000000)
  region size 2048K, 9 young (18432K), 2 survivors (4096K)
 Metaspace       used 65984K, committed 66816K, reserved 1114112K
  class space    used 9741K, committed 10112K, reserved 1048576K
}
Event: 7.741 GC heap after
{Heap after GC invocations=23 (full 0):
 garbage-first heap   total reserved 4182016K, committed 55296K, used 32472K [0x0000000700c00000, 0x0000000800000000)
  region size 2048K, 1 young (2048K), 1 survivors (2048K)
 Metaspace       used 65984K, committed 66816K, reserved 1114112K
  class space    used 9741K, committed 10112K, reserved 1048576K
}
Event: 7.985 GC heap before
{Heap before GC invocations=23 (full 0):
 garbage-first heap   total reserved 4182016K, committed 55296K, used 44760K [0x0000000700c00000, 0x0000000800000000)
  region size 2048K, 8 young (16384K), 1 survivors (2048K)
 Metaspace       used 67060K, committed 67904K, reserved 1114112K
  class space    used 10057K, committed 10432K, reserved 1048576K
}
Event: 7.988 GC heap after
{Heap after GC invocations=24 (full 0):
 garbage-first heap   total reserved 4182016K, committed 55296K, used 35344K [0x0000000700c00000, 0x0000000800000000)
  region size 2048K, 1 young (2048K), 1 survivors (2048K)
 Metaspace       used 67060K, committed 67904K, reserved 1114112K
  class space    used 10057K, committed 10432K, reserved 1048576K
}
Event: 8.027 GC heap before
{Heap before GC invocations=24 (full 0):
 garbage-first heap   total reserved 4182016K, committed 55296K, used 47632K [0x0000000700c00000, 0x0000000800000000)
  region size 2048K, 7 young (14336K), 1 survivors (2048K)
 Metaspace       used 67068K, committed 67904K, reserved 1114112K
  class space    used 10057K, committed 10432K, reserved 1048576K
}
Event: 8.030 GC heap after
{Heap after GC invocations=25 (full 0):
 garbage-first heap   total reserved 4182016K, committed 55296K, used 38810K [0x0000000700c00000, 0x0000000800000000)
  region size 2048K, 1 young (2048K), 1 survivors (2048K)
 Metaspace       used 67068K, committed 67904K, reserved 1114112K
  class space    used 10057K, committed 10432K, reserved 1048576K
}
Event: 8.086 GC heap before
{Heap before GC invocations=26 (full 0):
 garbage-first heap   total reserved 4182016K, committed 65536K, used 49050K [0x0000000700c00000, 0x0000000800000000)
  region size 2048K, 6 young (12288K), 1 survivors (2048K)
 Metaspace       used 67070K, committed 67968K, reserved 1114112K
  class space    used 10057K, committed 10432K, reserved 1048576K
}
Event: 8.088 GC heap after
{Heap after GC invocations=27 (full 0):
 garbage-first heap   total reserved 4182016K, committed 65536K, used 41045K [0x0000000700c00000, 0x0000000800000000)
  region size 2048K, 1 young (2048K), 1 survivors (2048K)
 Metaspace       used 67070K, committed 67968K, reserved 1114112K
  class space    used 10057K, committed 10432K, reserved 1048576K
}
Event: 8.161 GC heap before
{Heap before GC invocations=27 (full 0):
 garbage-first heap   total reserved 4182016K, committed 65536K, used 55381K [0x0000000700c00000, 0x0000000800000000)
  region size 2048K, 8 young (16384K), 1 survivors (2048K)
 Metaspace       used 67070K, committed 67968K, reserved 1114112K
  class space    used 10057K, committed 10432K, reserved 1048576K
}
Event: 8.163 GC heap after
{Heap after GC invocations=28 (full 0):
 garbage-first heap   total reserved 4182016K, committed 65536K, used 41480K [0x0000000700c00000, 0x0000000800000000)
  region size 2048K, 1 young (2048K), 1 survivors (2048K)
 Metaspace       used 67070K, committed 67968K, reserved 1114112K
  class space    used 10057K, committed 10432K, reserved 1048576K
}
Event: 8.238 GC heap before
{Heap before GC invocations=28 (full 0):
 garbage-first heap   total reserved 4182016K, committed 65536K, used 55816K [0x0000000700c00000, 0x0000000800000000)
  region size 2048K, 8 young (16384K), 1 survivors (2048K)
 Metaspace       used 67276K, committed 68160K, reserved 1114112K
  class space    used 10057K, committed 10432K, reserved 1048576K
}
Event: 8.241 GC heap after
{Heap after GC invocations=29 (full 0):
 garbage-first heap   total reserved 4182016K, committed 92160K, used 41681K [0x0000000700c00000, 0x0000000800000000)
  region size 2048K, 1 young (2048K), 1 survivors (2048K)
 Metaspace       used 67276K, committed 68160K, reserved 1114112K
  class space    used 10057K, committed 10432K, reserved 1048576K
}
Event: 9.118 GC heap before
{Heap before GC invocations=30 (full 0):
 garbage-first heap   total reserved 4182016K, committed 92160K, used 80593K [0x0000000700c00000, 0x0000000800000000)
  region size 2048K, 20 young (40960K), 1 survivors (2048K)
 Metaspace       used 72126K, committed 73024K, reserved 1114112K
  class space    used 10815K, committed 11200K, reserved 1048576K
}
Event: 9.121 GC heap after
{Heap after GC invocations=31 (full 0):
 garbage-first heap   total reserved 4182016K, committed 92160K, used 44606K [0x0000000700c00000, 0x0000000800000000)
  region size 2048K, 2 young (4096K), 2 survivors (4096K)
 Metaspace       used 72126K, committed 73024K, reserved 1114112K
  class space    used 10815K, committed 11200K, reserved 1048576K
}

